[Time: UTC 2025-02-22 07:37:24] [SessionID: e1nfcm44oq7esapou5a5jfqatn][Session] regenerated session ID from tqj3n7f3hqhtrsg3o30ecg50pm to e1nfcm44oq7esapou5a5jfqatn
[Time: UTC 2025-02-22 07:38:18] [SessionID: r7ekgtv6b5v92q4jcoffbdmd4t][Session] regenerated session ID from r29l7euqvtlsu9ornlvgc35h2j to r7ekgtv6b5v92q4jcoffbdmd4t
[Time: UTC 2025-02-22 07:38:50] [SessionID: r7ekgtv6b5v92q4jcoffbdmd4t][Payment]: Successful | Payment Intent ID:pi_3QvDISBlmUqeLyau1j2RfELp | User: Md Masum | Email: md.masum.dev@gmail.com | Amount: 9.99
[Time: UTC 2025-02-22 07:39:49] [SessionID: r7ekgtv6b5v92q4jcoffbdmd4t][Content]: Version 2 of the content has been generated
[Time: UTC 2025-02-22 07:40:36] [SessionID: r7ekgtv6b5v92q4jcoffbdmd4t][Feedback] Feedback given
[Time: UTC 2025-02-22 07:40:42] [SessionID: r7ekgtv6b5v92q4jcoffbdmd4t][Session]: clearing session...
[Time: UTC 2025-02-22 07:40:42] [SessionID: ][Session]: cleared
[Time: UTC 2025-02-22 07:40:52] [SessionID: 4r3b9t5hhmrf81pm09sg6rks92][Session]: regenerated session ID from e1nfcm44oq7esapou5a5jfqatn to 4r3b9t5hhmrf81pm09sg6rks92
[Time: UTC 2025-02-22 07:42:23] [SessionID: 4r3b9t5hhmrf81pm09sg6rks92][Session]: clearing session...
[Time: UTC 2025-02-22 07:42:23] [SessionID: ][Session]: cleared
[Time: UTC 2025-02-22 07:42:30] [SessionID: c0hgkq5jp73ormk1vmgna2ri7m][Content]: Version 1 of the content has been generated
[Time: UTC 2025-02-22 07:42:48] [SessionID: hoo30hdb6bbqbfmgunqe0b0rv6][Content]: Version 1 of the content has been generated
[Time: UTC 2025-02-22 07:43:05] [SessionID: hoo30hdb6bbqbfmgunqe0b0rv6][Payment]: Successful | Payment Intent ID:pi_3QvDMZBlmUqeLyau1KRdcEC5 | User: Md Masum | Email: md.masum.dev@gmail.com | Amount: 9.99
[Time: UTC 2025-02-22 07:43:19] [SessionID: c0hgkq5jp73ormk1vmgna2ri7m][Payment]: Successful | Payment Intent ID:pi_3QvDMnBlmUqeLyau1dMCPUXl | User: Md Masum | Email: md.masum.dev@gmail.com | Amount: 9.99
[Time: UTC 2025-02-22 07:43:31] [SessionID: c0hgkq5jp73ormk1vmgna2ri7m][Content]: Version 2 of the content has been generated
[Time: UTC 2025-02-22 07:43:41] [SessionID: c0hgkq5jp73ormk1vmgna2ri7m][Content]: Version 3 of the content has been generated
[Time: UTC 2025-02-22 07:43:46] [SessionID: c0hgkq5jp73ormk1vmgna2ri7m][Feedback] Feedback given
[Time: UTC 2025-02-22 07:43:48] [SessionID: c0hgkq5jp73ormk1vmgna2ri7m][Session]: clearing session...
[Time: UTC 2025-02-22 07:43:48] [SessionID: ][Session]: cleared
[Time: UTC 2025-02-22 07:44:01] [SessionID: a2vujhtt68lp1jrn05sorkkr5p][Session]: regenerated session ID from hoo30hdb6bbqbfmgunqe0b0rv6 to a2vujhtt68lp1jrn05sorkkr5p
[Time: UTC 2025-02-22 07:45:29] [SessionID: a2vujhtt68lp1jrn05sorkkr5p][Content]: Version 2 of the content has been generated
[Time: UTC 2025-02-22 07:45:34] [SessionID: a2vujhtt68lp1jrn05sorkkr5p][Session]: Clearing session...
[Time: UTC 2025-02-22 07:45:34] [SessionID: ][Session]: Cleared
[Time: UTC 2025-02-22 07:55:16] [SessionID: oqo8ti8onpg9j3ug3ab9vfs6po][Session]: Regenerated session ID from 490oq8mc8g8d16ecc7us4485q9 to oqo8ti8onpg9j3ug3ab9vfs6po
[Time: UTC 2025-02-22 07:59:42] [SessionID: ae1d69tleedgoiq0j0fvn4btid][Session]: Regenerated session ID from oqo8ti8onpg9j3ug3ab9vfs6po to ae1d69tleedgoiq0j0fvn4btid
[Time: UTC 2025-02-22 08:05:54] [SessionID: 0gt2574klr35m7alacpv4kqk39][Session]: Regenerated session ID from ae1d69tleedgoiq0j0fvn4btid to 0gt2574klr35m7alacpv4kqk39
[Time: UTC 2025-02-22 08:16:29] [SessionID: 0gt2574klr35m7alacpv4kqk39][Content]: Version 1 of the content has been generated
[Time: UTC 2025-02-22 08:18:15] [SessionID: 0gt2574klr35m7alacpv4kqk39][Payment]: Successful | Payment Intent ID:pi_3QvDubBlmUqeLyau0yAYLoT4 | User: James Bond | Email: masum19@ymail.com | Amount: 9.99
[Time: UTC 2025-02-22 08:25:45] [SessionID: mmc989ur890fo355j96emulfls][Session]: Regenerated session ID from cst4eel876tkrkrrs48d7ii09c to mmc989ur890fo355j96emulfls
[Time: UTC 2025-02-22 08:29:16] [SessionID: 929m9ao4f98eqnrna599vongf0][Session]: Regenerated session ID from mmc989ur890fo355j96emulfls to 929m9ao4f98eqnrna599vongf0
[Time: UTC 2025-02-22 08:29:38] [SessionID: 929m9ao4f98eqnrna599vongf0][Content]: Version 1 of the content has been generated
[Time: UTC 2025-02-22 08:29:58] [SessionID: 929m9ao4f98eqnrna599vongf0][Payment]: Successful | Payment Intent ID:pi_3QvE5wBlmUqeLyau3nd0IUYK | User: Md Masum | Email: md.masum@gmail.com | Amount: 9.99
[Time: UTC 2025-02-22 08:30:43] [SessionID: 929m9ao4f98eqnrna599vongf0][Content]: Version 2 of the content has been generated
[Time: UTC 2025-02-22 08:31:40] [SessionID: 929m9ao4f98eqnrna599vongf0][Feedback] Feedback given
[Time: UTC 2025-02-22 08:31:55] [SessionID: 9umjsp3am2ehnl25r8s48bi6ud][Session]: Regenerated session ID from 929m9ao4f98eqnrna599vongf0 to 9umjsp3am2ehnl25r8s48bi6ud
[Time: UTC 2025-02-22 08:32:53] [SessionID: 9umjsp3am2ehnl25r8s48bi6ud][Feedback] Feedback given
[Time: UTC 2025-02-22 08:32:58] [SessionID: 9umjsp3am2ehnl25r8s48bi6ud][Session]: Clearing session...
[Time: UTC 2025-02-22 08:32:58] [SessionID: ][Session]: Cleared
[Time: UTC 2025-02-22 08:36:22] [SessionID: 58o786l75gkfh87jmofu49538j][Content]: Version 1 of the content has been generated
[Time: UTC 2025-02-22 08:36:44] [SessionID: tkj0avqoko4b0fsp1c6i4gf5iv][Session]: Regenerated session ID from 58o786l75gkfh87jmofu49538j to tkj0avqoko4b0fsp1c6i4gf5iv
[Time: UTC 2025-02-22 08:36:48] [SessionID: tkj0avqoko4b0fsp1c6i4gf5iv][Session]: Clearing session...
[Time: UTC 2025-02-22 08:36:48] [SessionID: ][Session]: Cleared
[Time: UTC 2025-02-22 08:36:55] [SessionID: g5n9t191etd0jqj9ldkg7hb4vv][Session]: Regenerated session ID from 0gt2574klr35m7alacpv4kqk39 to g5n9t191etd0jqj9ldkg7hb4vv
[Time: UTC 2025-02-22 08:36:57] [SessionID: g5n9t191etd0jqj9ldkg7hb4vv][Session]: Clearing session...
[Time: UTC 2025-02-22 08:36:57] [SessionID: ][Session]: Cleared
[Time: UTC 2025-02-22 08:40:43] [SessionID: r7tpojft7l66irkntt8vo0cits][Content]: Version 1 of the content has been generated
[Time: UTC 2025-02-22 08:40:47] [SessionID: 5bvoead0qfi55ksilnsqasvk52][Session]: Regenerated session ID from r7tpojft7l66irkntt8vo0cits to 5bvoead0qfi55ksilnsqasvk52
[Time: UTC 2025-02-22 08:43:44] [SessionID: oq7fbgfe3k7loj6508mvqo3l7e][Session]: Regenerated session ID from 5bvoead0qfi55ksilnsqasvk52 to oq7fbgfe3k7loj6508mvqo3l7e
[Time: UTC 2025-02-22 08:43:53] [SessionID: oq7fbgfe3k7loj6508mvqo3l7e][Session]: Clearing session...
[Time: UTC 2025-02-22 08:43:53] [SessionID: ][Session]: Cleared
[Time: UTC 2025-02-22 08:48:56] [SessionID: kce54nq19fe575kerjbe8l87fq][Session]: Regenerated session ID from umufl2jmjhc5lro146nhlk7gr1 to kce54nq19fe575kerjbe8l87fq
[Time: UTC 2025-02-22 08:50:25] [SessionID: kce54nq19fe575kerjbe8l87fq][Content]: Version 1 of the content has been generated
[Time: UTC 2025-02-22 08:50:35] [SessionID: kce54nq19fe575kerjbe8l87fq][Session]: Clearing session...
[Time: UTC 2025-02-22 08:50:35] [SessionID: ][Session]: Cleared
[Time: UTC 2025-02-22 08:52:35] [SessionID: faomeo0gtij2vb6n8gp5u9dcfd][Content]: Version 1 of the content has been generated
[Time: UTC 2025-02-22 08:52:39] [SessionID: faomeo0gtij2vb6n8gp5u9dcfd][Session]: Clearing session...
[Time: UTC 2025-02-22 08:52:39] [SessionID: ][Session]: Cleared
[Time: UTC 2025-02-22 08:54:42] [SessionID: jbi9b7dal652fgj2niphrkci7i][Session]: Regenerated session ID from qulri3un0u3hhv05tqvt00fmek to jbi9b7dal652fgj2niphrkci7i
[Time: UTC 2025-02-22 09:35:36] [SessionID: jbi9b7dal652fgj2niphrkci7i][Content]: Version 1 of the content has been generated
[Time: UTC 2025-02-22 09:37:00] [SessionID: jbi9b7dal652fgj2niphrkci7i][Payment]: Successful | Payment Intent ID:pi_3QvF8nBlmUqeLyau31VdIbyc | User: Md Masum | Email: md.masum@gmail.com | Amount: 9.99
[Time: UTC 2025-02-22 09:43:18] [SessionID: jbi9b7dal652fgj2niphrkci7i][Content]: Version 2 of the content has been generated
[Time: UTC 2025-02-22 09:47:34] [SessionID: jbi9b7dal652fgj2niphrkci7i][Session]: Clearing session...
[Time: UTC 2025-02-22 09:47:34] [SessionID: ][Session]: Cleared
[Time: UTC 2025-02-22 09:51:41] [SessionID: bithedv3q5m9n6udp64q4pojul][Content]: Version 1 of the content has been generated
[Time: UTC 2025-02-22 09:52:48] [SessionID: bithedv3q5m9n6udp64q4pojul][Payment]: Successful | Payment Intent ID:pi_3QvFO6BlmUqeLyau0RvaEfLs | User: Md Masum | Email: md.masum.dev@gmail.com | Amount: 9.99
[Time: UTC 2025-02-22 09:54:52] [SessionID: bithedv3q5m9n6udp64q4pojul][Content]: Version 2 of the content has been generated
[Time: UTC 2025-02-22 09:55:51] [SessionID: bithedv3q5m9n6udp64q4pojul][Feedback] Feedback given
[Time: UTC 2025-02-22 09:55:54] [SessionID: 02d9bpsplg3dqb5ap8n5in56sc][Session]: Regenerated session ID from bithedv3q5m9n6udp64q4pojul to 02d9bpsplg3dqb5ap8n5in56sc
[Time: UTC 2025-02-22 10:12:56] [SessionID: 02d9bpsplg3dqb5ap8n5in56sc][Content]: Version 3 of the content has been generated
[Time: UTC 2025-02-22 10:13:50] [SessionID: 3mes94lo7es63tf86cdq8mvqb2][Session]: Regenerated session ID from 02d9bpsplg3dqb5ap8n5in56sc to 3mes94lo7es63tf86cdq8mvqb2
