[Time: UTC 2025-02-22 10:03:34] Content: Dear Dawson Family,

I am writing this letter with a heavy heart, deeply saddened by the loss of our beloved Robert. I find it difficult to put into words just how much Robert meant to me. He was not just my childhood best friend, but also my brother in every way but blood. His presence in my life was a source of comfort and encouragement that I will sorely miss.

Robert was born in 1975 in Chicago, and I feel fortunate to have shared so many formative years with him. He was a dedicated school teacher who shaped the lives of countless students during his 25 years of service. I always admired his passion for music, his skill on the guitar was truly remarkable. The memories of our shared hikes and camping trips are some of my most cherished ones, filled with laughter, camaraderie, and the unspoken bond of deep friendship.

His warm personality was a beacon of light that always inspired others to chase their dreams. Robert's spirit was characterized by his encouraging nature and the joy he found in the simplest things. His passion for the outdoors, his love for music, and his unwavering dedication to his profession were all testament to the remarkable man he was.

The void left by Robert's passing is immeasurable, and I know that you, his family, feel that absence most acutely. Please know that you are not alone in your grief. Robert's memory lives on in the hearts of all those whose lives he touched. May we find solace in our shared memories of him and strength in our shared love for him.

With heartfelt sympathy,

[Your Name]
[Time: UTC 2025-02-22 10:06:39] Content: Dear Dawson Family,

I am writing this letter with a heavy heart, deeply saddened by the loss of our beloved Robert. I find it difficult to put into words just how much Robert meant to me. He was not just my childhood best friend, but also my brother in every way but blood. His presence in my life was a source of comfort and encouragement that I will sorely miss.

Robert was born in 1975 in Chicago, and I feel fortunate to have shared so many formative years with him. He was a dedicated school teacher who shaped the lives of countless students during his 25 years of service. I always admired his passion for music, his skill on the guitar was truly remarkable. The memories of our shared hikes and camping trips are some of my most cherished ones, filled with laughter, camaraderie, and the unspoken bond of deep friendship.

His warm personality was a beacon of light that always inspired others to chase their dreams. Robert's spirit was characterized by his encouraging nature and the joy he found in the simplest things. His passion for the outdoors, his love for music, and his unwavering dedication to his profession were all testament to the remarkable man he was.

The void left by Robert's passing is immeasurable, and I know that you, his family, feel that absence most acutely. Please know that you are not alone in your grief. Robert's memory lives on in the hearts of all those whose lives he touched. May we find solace in our shared memories of him and strength in our shared love for him.

With heartfelt sympathy,

[Your Name]
[Time: UTC 2025-02-22 10:06:56] Content: Dear Dawson Family,

I am writing this letter with a heavy heart, deeply saddened by the loss of our beloved Robert. I find it difficult to put into words just how much Robert meant to me. He was not just my childhood best friend, but also my brother in every way but blood. His presence in my life was a source of comfort and encouragement that I will sorely miss.

Robert was born in 1975 in Chicago, and I feel fortunate to have shared so many formative years with him. He was a dedicated school teacher who shaped the lives of countless students during his 25 years of service. I always admired his passion for music, his skill on the guitar was truly remarkable. The memories of our shared hikes and camping trips are some of my most cherished ones, filled with laughter, camaraderie, and the unspoken bond of deep friendship.

His warm personality was a beacon of light that always inspired others to chase their dreams. Robert's spirit was characterized by his encouraging nature and the joy he found in the simplest things. His passion for the outdoors, his love for music, and his unwavering dedication to his profession were all testament to the remarkable man he was.

The void left by Robert's passing is immeasurable, and I know that you, his family, feel that absence most acutely. Please know that you are not alone in your grief. Robert's memory lives on in the hearts of all those whose lives he touched. May we find solace in our shared memories of him and strength in our shared love for him.

With heartfelt sympathy,

[Your Name]
[Time: UTC 2025-02-22 10:10:04] Content: Dear Dawson Family,

I am writing this letter with a heavy heart, deeply saddened by the loss of our beloved Robert. I find it difficult to put into words just how much Robert meant to me. He was not just my childhood best friend, but also my brother in every way but blood. His presence in my life was a source of comfort and encouragement that I will sorely miss.

Robert was born in 1975 in Chicago, and I feel fortunate to have shared so many formative years with him. He was a dedicated school teacher who shaped the lives of countless students during his 25 years of service. I always admired his passion for music, his skill on the guitar was truly remarkable. The memories of our shared hikes and camping trips are some of my most cherished ones, filled with laughter, camaraderie, and the unspoken bond of deep friendship.

His warm personality was a beacon of light that always inspired others to chase their dreams. Robert's spirit was characterized by his encouraging nature and the joy he found in the simplest things. His passion for the outdoors, his love for music, and his unwavering dedication to his profession were all testament to the remarkable man he was.

The void left by Robert's passing is immeasurable, and I know that you, his family, feel that absence most acutely. Please know that you are not alone in your grief. Robert's memory lives on in the hearts of all those whose lives he touched. May we find solace in our shared memories of him and strength in our shared love for him.

With heartfelt sympathy,

[Your Name]
[Time: UTC 2025-02-22 10:10:22] Content: Dear Dawson Family,

I am deeply saddened to pen this letter, and I am finding it difficult to express the sorrow and sense of loss that has enveloped me. Robert Dawson was more than a childhood friend to me; he was a brother in spirit, always there during tough times, his absence now leaving an immense void in my heart.

Born in 1975 in Chicago, Robert was an incredible individual who touched the lives of many. His dedication as a teacher spanning 25 years was truly inspiring, molding countless young minds and ensuring they had a bright future. Beyond his professional life, Robert was passionate about music and had a beautiful talent for playing the guitar. His love for the outdoors was infectious, and our shared memories of hiking and camping trips are ones I will forever cherish.

Robert had an extraordinary ability to make everyone feel valued and heard. His kindness was not just in words but in actions. He was always the first to lend a hand, be it for a struggling student or a friend in need. As a father, his love for his children, Emily and Jake, was evident. He poured his heart and soul into their upbringing, and his guidance will always be a part of their lives. One of the most unforgettable experiences with Robert was our road trip after college, an adventure filled with laughter and camaraderie that will forever be etched in my memory. His infectious laughter could brighten up any day, and his annual charity drives during the holiday season for underprivileged students showcased his big-hearted nature.

The loss of Robert is immeasurable, and I know that his family feels this absence intensely. In this time of grief, please remember you are not alone. Robert's memory will live on in the hearts of all those he touched, and his spirit will continue to inspire us. May we find solace in our shared memories of him and strength in the love he left behind.

With heartfelt sympathy,

[Your Name]
[Time: UTC 2025-02-22 10:11:34] Content: Dear Dawson Family,

I am deeply saddened to pen this letter, and I am finding it difficult to express the sorrow and sense of loss that has enveloped me. Robert Dawson was more than a childhood friend to me; he was a brother in spirit, always there during tough times, his absence now leaving an immense void in my heart.

Born in 1975 in Chicago, Robert was an incredible individual who touched the lives of many. His dedication as a teacher spanning 25 years was truly inspiring, molding countless young minds and ensuring they had a bright future. Beyond his professional life, Robert was passionate about music and had a beautiful talent for playing the guitar. His love for the outdoors was infectious, and our shared memories of hiking and camping trips are ones I will forever cherish.

Robert had an extraordinary ability to make everyone feel valued and heard. His kindness was not just in words but in actions. He was always the first to lend a hand, be it for a struggling student or a friend in need. As a father, his love for his children, Emily and Jake, was evident. He poured his heart and soul into their upbringing, and his guidance will always be a part of their lives. One of the most unforgettable experiences with Robert was our road trip after college, an adventure filled with laughter and camaraderie that will forever be etched in my memory. His infectious laughter could brighten up any day, and his annual charity drives during the holiday season for underprivileged students showcased his big-hearted nature.

The loss of Robert is immeasurable, and I know that his family feels this absence intensely. In this time of grief, please remember you are not alone. Robert's memory will live on in the hearts of all those he touched, and his spirit will continue to inspire us. May we find solace in our shared memories of him and strength in the love he left behind.

With heartfelt sympathy,

[Your Name]
[Time: UTC 2025-02-22 10:13:06] Content: Dear Dawson Family,

I find myself at a loss for words at the passing of Robert Dawson, my beloved friend and brother in spirit. Born in 1975 in Chicago, he dedicated 25 years to teaching, shaping young lives with unparalleled passion.

Robert's warmth radiated in his everyday interactions, always making people feel valued. A devoted father to Emily and Jake, his legacy of love will always be a guiding light for them. His infectious laughter and acts of charity, especially for underprivileged students, were testaments to his generous heart.

Despite the sorrow that his absence brings, Robert's memory remains a beacon of inspiration. As we navigate through this difficult time, may we find solace in the love and laughter he left behind.

With heartfelt sympathy,

[Your Name]
[Time: UTC 2025-02-22 21:09:55] Content: Dear Dawson Family,

I was deeply saddened to hear of Robert's passing. I wanted to reach out and share my heartfelt condolences. Robert was more than just my childhood friend; he was an important part of my life's journey and a beacon of positivity and inspiration. 

Robert's dedication to the field of education was truly admirable. As an award-winning teacher for over two decades, he touched countless lives, shaping the minds and hearts of many students. His passionate involvement in organizing community music events was a testament to his love for music and his commitment to nurturing young talents. His passion for the outdoors, hiking, and camping was infectious and added an extra layer of depth to his already vibrant personality. 

Robert's warm personality and encouraging spirit will be remembered always. He had a unique way of making everyone feel special and encouraged us all to follow our dreams. His mentoring of young teachers and his tireless efforts to improve education in his district speak volumes about his character. Robert's passing leaves a void that can never be filled, but the memories of his inspiring life will continue to radiate in all our hearts.

May you find comfort in the love of those around you and peace in the memories you cherish. My thoughts and prayers are with you during this difficult time. 

With deepest sympathy,

Md Masum
